<?xml version="1.0" encoding="UTF-8"?>
<coverage generated="1476013369327" clover="3.2.0">
  <project timestamp="1476013369328" name="All files">
    <metrics statements="41" coveredstatements="41" conditionals="26" coveredconditionals="24" methods="14" coveredmethods="14" elements="81" coveredelements="79" complexity="0" loc="41" ncloc="41" packages="1" files="2" classes="2">
      <file name="errorTranslator.js" path="/Users/xuyuanxiang/Workspaces/me/xuyuanxiang/redux-generator/src/errorTranslator.js">
        <metrics statements="11" coveredstatements="11" conditionals="12" coveredconditionals="11" methods="5" coveredmethods="5"/>
        <line num="8" count="1" type="stmt"/>
        <line num="9" count="17" type="stmt"/>
        <line num="13" count="17" type="stmt"/>
        <line num="14" count="17" type="stmt"/>
        <line num="15" count="11" type="stmt"/>
        <line num="17" count="6" type="stmt"/>
        <line num="19" count="6" type="stmt"/>
        <line num="20" count="2" type="stmt"/>
        <line num="23" count="6" type="stmt"/>
        <line num="24" count="3" type="stmt"/>
        <line num="27" count="6" type="stmt"/>
      </file>
      <file name="generator.js" path="/Users/xuyuanxiang/Workspaces/me/xuyuanxiang/redux-generator/src/generator.js">
        <metrics statements="30" coveredstatements="30" conditionals="14" coveredconditionals="13" methods="9" coveredmethods="9"/>
        <line num="8" count="35" type="stmt"/>
        <line num="9" count="8" type="stmt"/>
        <line num="11" count="9" type="stmt"/>
        <line num="12" count="9" type="stmt"/>
        <line num="13" count="1" type="stmt"/>
        <line num="15" count="8" type="stmt"/>
        <line num="16" count="8" type="stmt"/>
        <line num="18" count="8" type="stmt"/>
        <line num="19" count="1" type="stmt"/>
        <line num="22" count="7" type="stmt"/>
        <line num="23" count="16" type="stmt"/>
        <line num="24" count="16" type="stmt"/>
        <line num="25" count="15" type="stmt"/>
        <line num="27" count="1" type="stmt"/>
        <line num="31" count="7" type="stmt"/>
        <line num="32" count="2" type="stmt"/>
        <line num="33" count="2" type="stmt"/>
        <line num="35" count="2" type="stmt"/>
        <line num="39" count="7" type="stmt"/>
        <line num="40" count="15" type="stmt"/>
        <line num="41" count="15" type="stmt"/>
        <line num="42" count="4" type="stmt"/>
        <line num="44" count="11" type="stmt"/>
        <line num="45" count="3" type="stmt"/>
        <line num="46" count="8" type="stmt"/>
        <line num="47" count="3" type="stmt"/>
        <line num="48" count="3" type="stmt"/>
        <line num="50" count="1" type="stmt"/>
        <line num="53" count="5" type="stmt"/>
        <line num="56" count="7" type="stmt"/>
      </file>
    </metrics>
  </project>
</coverage>
