{"/Users/xuyuanxiang/Workspaces/me/xuyuanxiang/redux-generator/src/generator.js": {"path":"/Users/xuyuanxiang/Workspaces/me/xuyuanxiang/redux-generator/src/generator.js","statementMap":{"0":{"start":{"line":8,"column":19},"end":{"line":8,"column":51}},"1":{"start":{"line":8,"column":26},"end":{"line":8,"column":51}},"2":{"start":{"line":9,"column":20},"end":{"line":9,"column":53}},"3":{"start":{"line":9,"column":27},"end":{"line":9,"column":53}},"4":{"start":{"line":11,"column":24},"end":{"line":58,"column":1}},"5":{"start":{"line":11,"column":32},"end":{"line":58,"column":1}},"6":{"start":{"line":12,"column":4},"end":{"line":14,"column":5}},"7":{"start":{"line":13,"column":8},"end":{"line":13,"column":28}},"8":{"start":{"line":15,"column":4},"end":{"line":57,"column":24}},"9":{"start":{"line":16,"column":24},"end":{"line":16,"column":62}},"10":{"start":{"line":18,"column":8},"end":{"line":20,"column":9}},"11":{"start":{"line":19,"column":12},"end":{"line":19,"column":35}},"12":{"start":{"line":22,"column":25},"end":{"line":29,"column":9}},"13":{"start":{"line":23,"column":12},"end":{"line":28,"column":13}},"14":{"start":{"line":24,"column":25},"end":{"line":24,"column":45}},"15":{"start":{"line":25,"column":16},"end":{"line":25,"column":29}},"16":{"start":{"line":27,"column":16},"end":{"line":27,"column":26}},"17":{"start":{"line":31,"column":24},"end":{"line":37,"column":9}},"18":{"start":{"line":32,"column":12},"end":{"line":36,"column":13}},"19":{"start":{"line":33,"column":16},"end":{"line":33,"column":49}},"20":{"start":{"line":35,"column":16},"end":{"line":35,"column":26}},"21":{"start":{"line":39,"column":25},"end":{"line":55,"column":9}},"22":{"start":{"line":40,"column":32},"end":{"line":40,"column":40}},"23":{"start":{"line":41,"column":12},"end":{"line":43,"column":13}},"24":{"start":{"line":42,"column":16},"end":{"line":42,"column":38}},"25":{"start":{"line":44,"column":12},"end":{"line":54,"column":13}},"26":{"start":{"line":45,"column":16},"end":{"line":45,"column":63}},"27":{"start":{"line":46,"column":19},"end":{"line":54,"column":13}},"28":{"start":{"line":47,"column":16},"end":{"line":51,"column":17}},"29":{"start":{"line":48,"column":20},"end":{"line":48,"column":38}},"30":{"start":{"line":50,"column":20},"end":{"line":50,"column":31}},"31":{"start":{"line":53,"column":16},"end":{"line":53,"column":32}},"32":{"start":{"line":56,"column":8},"end":{"line":56,"column":19}}},"fnMap":{"0":{"name":"(anonymous_0)","decl":{"start":{"line":8,"column":19},"end":{"line":8,"column":20}},"loc":{"start":{"line":8,"column":26},"end":{"line":8,"column":51}}},"1":{"name":"(anonymous_1)","decl":{"start":{"line":9,"column":20},"end":{"line":9,"column":21}},"loc":{"start":{"line":9,"column":27},"end":{"line":9,"column":53}}},"2":{"name":"(anonymous_2)","decl":{"start":{"line":11,"column":15},"end":{"line":11,"column":16}},"loc":{"start":{"line":11,"column":24},"end":{"line":58,"column":1}}},"3":{"name":"(anonymous_3)","decl":{"start":{"line":11,"column":24},"end":{"line":11,"column":25}},"loc":{"start":{"line":11,"column":32},"end":{"line":58,"column":1}}},"4":{"name":"(anonymous_4)","decl":{"start":{"line":11,"column":32},"end":{"line":11,"column":33}},"loc":{"start":{"line":11,"column":42},"end":{"line":58,"column":1}}},"5":{"name":"(anonymous_5)","decl":{"start":{"line":15,"column":23},"end":{"line":15,"column":24}},"loc":{"start":{"line":15,"column":43},"end":{"line":57,"column":5}}},"6":{"name":"(anonymous_6)","decl":{"start":{"line":22,"column":25},"end":{"line":22,"column":26}},"loc":{"start":{"line":22,"column":33},"end":{"line":29,"column":9}}},"7":{"name":"(anonymous_7)","decl":{"start":{"line":31,"column":24},"end":{"line":31,"column":25}},"loc":{"start":{"line":31,"column":33},"end":{"line":37,"column":9}}},"8":{"name":"(anonymous_8)","decl":{"start":{"line":39,"column":25},"end":{"line":39,"column":26}},"loc":{"start":{"line":39,"column":31},"end":{"line":55,"column":9}}}},"branchMap":{"0":{"loc":{"start":{"line":12,"column":4},"end":{"line":14,"column":5}},"type":"if","locations":[{"start":{"line":12,"column":4},"end":{"line":14,"column":5}},{"start":{"line":12,"column":4},"end":{"line":14,"column":5}}]},"1":{"loc":{"start":{"line":18,"column":8},"end":{"line":20,"column":9}},"type":"if","locations":[{"start":{"line":18,"column":8},"end":{"line":20,"column":9}},{"start":{"line":18,"column":8},"end":{"line":20,"column":9}}]},"2":{"loc":{"start":{"line":18,"column":12},"end":{"line":18,"column":65}},"type":"binary-expr","locations":[{"start":{"line":18,"column":12},"end":{"line":18,"column":34}},{"start":{"line":18,"column":38},"end":{"line":18,"column":65}}]},"3":{"loc":{"start":{"line":40,"column":32},"end":{"line":40,"column":40}},"type":"binary-expr","locations":[{"start":{"line":40,"column":32},"end":{"line":40,"column":34}},{"start":{"line":40,"column":38},"end":{"line":40,"column":40}}]},"4":{"loc":{"start":{"line":41,"column":12},"end":{"line":43,"column":13}},"type":"if","locations":[{"start":{"line":41,"column":12},"end":{"line":43,"column":13}},{"start":{"line":41,"column":12},"end":{"line":43,"column":13}}]},"5":{"loc":{"start":{"line":44,"column":12},"end":{"line":54,"column":13}},"type":"if","locations":[{"start":{"line":44,"column":12},"end":{"line":54,"column":13}},{"start":{"line":44,"column":12},"end":{"line":54,"column":13}}]},"6":{"loc":{"start":{"line":46,"column":19},"end":{"line":54,"column":13}},"type":"if","locations":[{"start":{"line":46,"column":19},"end":{"line":54,"column":13}},{"start":{"line":46,"column":19},"end":{"line":54,"column":13}}]}},"s":{"0":1,"1":35,"2":1,"3":8,"4":9,"5":9,"6":9,"7":1,"8":8,"9":8,"10":8,"11":1,"12":7,"13":16,"14":16,"15":15,"16":1,"17":7,"18":2,"19":2,"20":2,"21":7,"22":15,"23":15,"24":4,"25":11,"26":3,"27":8,"28":3,"29":3,"30":1,"31":5,"32":7},"f":{"0":35,"1":8,"2":9,"3":9,"4":9,"5":8,"6":16,"7":2,"8":15},"b":{"0":[1,8],"1":[1,7],"2":[8,7],"3":[15,0],"4":[4,11],"5":[3,8],"6":[3,5]},"hash":"88e5908318bbcaf63d6cc203c2bae964de9ad3b3"}
}
