TN:
SF:/Users/xuyuanxiang/Workspaces/me/xuyuanxiang/redux-generator/src/errorTranslator.js
FN:8,(anonymous_0)
FN:13,(anonymous_1)
FN:13,(anonymous_2)
FN:13,(anonymous_3)
FN:13,(anonymous_4)
FNF:5
FNH:5
FNDA:17,(anonymous_0)
FNDA:17,(anonymous_1)
FNDA:17,(anonymous_2)
FNDA:17,(anonymous_3)
FNDA:17,(anonymous_4)
DA:8,1
DA:9,17
DA:13,17
DA:14,17
DA:15,11
DA:17,6
DA:19,6
DA:20,2
DA:23,6
DA:24,3
DA:27,6
LF:11
LH:11
BRDA:9,0,0,17
BRDA:9,0,1,11
BRDA:9,0,2,7
BRDA:9,0,3,0
BRDA:14,1,0,11
BRDA:14,1,1,6
BRDA:17,2,0,6
BRDA:17,2,1,5
BRDA:19,3,0,2
BRDA:19,3,1,4
BRDA:23,4,0,3
BRDA:23,4,1,3
BRF:12
BRH:11
end_of_record
TN:
SF:/Users/xuyuanxiang/Workspaces/me/xuyuanxiang/redux-generator/src/generator.js
FN:8,(anonymous_0)
FN:9,(anonymous_1)
FN:11,(anonymous_2)
FN:11,(anonymous_3)
FN:11,(anonymous_4)
FN:15,(anonymous_5)
FN:22,(anonymous_6)
FN:31,(anonymous_7)
FN:39,(anonymous_8)
FNF:9
FNH:9
FNDA:35,(anonymous_0)
FNDA:8,(anonymous_1)
FNDA:9,(anonymous_2)
FNDA:9,(anonymous_3)
FNDA:9,(anonymous_4)
FNDA:8,(anonymous_5)
FNDA:16,(anonymous_6)
FNDA:2,(anonymous_7)
FNDA:15,(anonymous_8)
DA:8,35
DA:9,8
DA:11,9
DA:12,9
DA:13,1
DA:15,8
DA:16,8
DA:18,8
DA:19,1
DA:22,7
DA:23,16
DA:24,16
DA:25,15
DA:27,1
DA:31,7
DA:32,2
DA:33,2
DA:35,2
DA:39,7
DA:40,15
DA:41,15
DA:42,4
DA:44,11
DA:45,3
DA:46,8
DA:47,3
DA:48,3
DA:50,1
DA:53,5
DA:56,7
LF:30
LH:30
BRDA:12,0,0,1
BRDA:12,0,1,8
BRDA:18,1,0,1
BRDA:18,1,1,7
BRDA:18,2,0,8
BRDA:18,2,1,7
BRDA:40,3,0,15
BRDA:40,3,1,0
BRDA:41,4,0,4
BRDA:41,4,1,11
BRDA:44,5,0,3
BRDA:44,5,1,8
BRDA:46,6,0,3
BRDA:46,6,1,5
BRF:14
BRH:13
end_of_record
